[2024-08-13 17:26:27,759] ERROR Graceful stop of task mssql-connector-0 failed. (org.apache.kafka.connect.runtime.Worker:867)
[2024-08-13 17:26:27,812] INFO The database connection is invalid. Reconnecting... (io.confluent.connect.jdbc.util.CachedConnectionProvider:54)
[2024-08-13 17:26:27,812] INFO The database connection is invalid. Reconnecting... (io.confluent.connect.jdbc.util.CachedConnectionProvider:54)
[2024-08-13 17:26:27,815] INFO Closing connection #1 to SqlServer (io.confluent.connect.jdbc.util.CachedConnectionProvider:108)
[2024-08-13 17:26:27,815] INFO Closing connection #1 to SqlServer (io.confluent.connect.jdbc.util.CachedConnectionProvider:108)
[2024-08-13 17:26:27,817] INFO Attempting to open connection #2 to SqlServer (io.confluent.connect.jdbc.util.CachedConnectionProvider:82)
[2024-08-13 17:26:27,817] INFO Attempting to open connection #2 to SqlServer (io.confluent.connect.jdbc.util.CachedConnectionProvider:82)
[2024-08-13 17:26:27,827] INFO Stopping connector mssql-connector (org.apache.kafka.connect.runtime.Worker:387)
[2024-08-13 17:26:27,828] INFO Scheduled shutdown for WorkerConnector{id=mssql-connector} (org.apache.kafka.connect.runtime.WorkerConnector:249)
[2024-08-13 17:26:27,830] INFO Stopping table monitoring thread (io.confluent.connect.jdbc.JdbcSourceConnector:174)
[2024-08-13 17:26:27,831] INFO Shutting down thread monitoring tables. (io.confluent.connect.jdbc.source.TableMonitorThread:134)
[2024-08-13 17:26:27,884] INFO Closing connection #2 to SqlServer (io.confluent.connect.jdbc.util.CachedConnectionProvider:108)
[2024-08-13 17:26:27,888] INFO Completed shutdown for WorkerConnector{id=mssql-connector} (org.apache.kafka.connect.runtime.WorkerConnector:269)
[2024-08-13 17:26:27,889] INFO Closing resources for JDBC source task (io.confluent.connect.jdbc.source.JdbcSourceTask:320)
[2024-08-13 17:26:27,890] INFO Closing connection #2 to SqlServer (io.confluent.connect.jdbc.util.CachedConnectionProvider:108)
[2024-08-13 17:26:27,891] INFO Worker stopping (org.apache.kafka.connect.runtime.Worker:209)
[2024-08-13 17:26:27,891] INFO WorkerSourceTask{id=mssql-connector-0} Committing offsets (org.apache.kafka.connect.runtime.WorkerSourceTask:478)
[2024-08-13 17:26:27,894] INFO WorkerSourceTask{id=mssql-connector-0} flushing 0 outstanding messages for offset commit (org.apache.kafka.connect.runtime.WorkerSourceTask:495)
[2024-08-13 17:26:27,896] INFO [Producer clientId=connector-producer-mssql-connector-0] Closing the Kafka producer with timeoutMillis = 30000 ms. (org.apache.kafka.clients.producer.KafkaProducer:1189)
[2024-08-13 17:26:27,896] INFO Stopped FileOffsetBackingStore (org.apache.kafka.connect.storage.FileOffsetBackingStore:66)
[2024-08-13 17:26:27,898] INFO Worker stopped (org.apache.kafka.connect.runtime.Worker:230)
[2024-08-13 17:26:27,905] INFO Herder stopped (org.apache.kafka.connect.runtime.standalone.StandaloneHerder:120)
[2024-08-13 17:26:27,905] INFO Kafka Connect stopped (org.apache.kafka.connect.runtime.Connect:72)
